Script started on Mon May  9 10:52:11 2022
[1m[7m%[27m[1m[0m                                                                                                                                              [0m[27m[24m[Jsupport $ [K[?2004h../main[1m [0m[0m [?2004l
è¡Œåˆ—Aã®è¡Œã®æ•°ã‚’å…¥åŠ›ã—ã¦ãã ã•ã„: 3
è¡Œåˆ—Aã®åˆ—,è¡Œåˆ—Bã®è¡Œã®æ•°ã‚’å…¥åŠ›ã—ã¦ãã ã•ã„: 4
è¡Œåˆ—Bã®åˆ—ã®æ•°ã‚’å…¥åŠ›ã—ã¦ãã ã•ã„: 1
è¡Œåˆ—Aã‚’å…¥åŠ›ã—ã¦ãã ã•ã„
a[0][0] = 1
a[0][1] = 2
a[0][2] = 3
a[0][3] = 4
a[1][0] = 5
a[1][1] = 6
a[1][2] = 7
a[1][3] = 8
a[2][0] = 9
a[2][1] = 0
a[2][2] = 2
a[2][3] = 4
è¡Œåˆ—Bã‚’å…¥åŠ›ã—ã¦ãã ã•ã„
b[0][0] = 6
b[1][0] = 8
b[2][0] = 1
b[3][0] = 3
A * B = 
37.00 
109.00 
68.00 
[1m[7m%[27m[1m[0m                                                                                                                                              [0m[27m[24m[Jsupport $ [K[?2004heexit[?2004l

Script done on Mon May  9 10:52:32 2022
