Script started on Mon May  9 10:40:18 2022
[1m[7m%[27m[1m[0m                                                                                                                                              [0m[27m[24m[Jbasic $ [K[?2004h../mian[1m [0m[0m [?2004l
行列Aの行の数を入力してください: 3
行列Aの列,行列Bの行の数を入力してください: 4
行列Bの列の数を入力してください: 1
行列Aを入力してください
[0][0] = 1
[0][1] = 2
[0][2] = 3
[0][3] = 4
[1][0] = 5
[1][1] = 6
[1][2] = 7
[1][3] = 8
[2][0] = 9
[2][1] = 0
[2][2] = 2
[2][3] = 4
行列Bを入力してください
[0][0] = 6
[1][0] = 8
[2][0] = 1
[3][0] = 3
A * B = 
37.00 
109.00 
68.00 
[1m[7m%[27m[1m[0m                                                                                                                                              [0m[27m[24m[Jbasic $ [K[?2004heexit[?2004l

Script done on Mon May  9 10:41:01 2022
